Removed Pin From Net: NetName=5V Pin=C1-1
Removed Pin From Net: NetName=AGND Pin=C1-2
Removed Pin From Net: NetName=5V Pin=C2-1
Removed Pin From Net: NetName=AGND Pin=C2-2
Removed Pin From Net: NetName=AGND Pin=C3-2
Removed Pin From Net: NetName=AGND Pin=C4-2
Removed Pin From Net: NetName=AGND Pin=J4-3
Removed Pin From Net: NetName=AGND Pin=J5-3
Removed Pin From Net: NetName=AGND Pin=J6-3
Removed Pin From Net: NetName=AGND Pin=J7-3
Removed Pin From Net: NetName=3.3V_RE Pin=L1-2
Removed Pin From Net: NetName=AGND Pin=U1-1
Removed Pin From Net: NetName=5V Pin=U1-3
Removed Member From Class: ClassName=POW Member=C1
Removed Member From Class: ClassName=POW Member=C2
Removed Member From Class: ClassName=POW Member=C3
Removed Member From Class: ClassName=POW Member=C4
Removed Member From Class: ClassName=POW Member=L1
Removed Member From Class: ClassName=POW Member=U1
Added Pin To Net: NetName=3.3V_RE Pin=J4-1
Added Pin To Net: NetName=3.3V_RE Pin=J5-1
Added Pin To Net: NetName=3.3V_RE Pin=J6-1
Added Pin To Net: NetName=3.3V_RE Pin=J7-1
Add Net: Net with name "A3.3V" already exists
Added Pin To Net: NetName=AGND2 Pin=J4-3
Added Pin To Net: NetName=AGND2 Pin=J5-3
Added Pin To Net: NetName=AGND2 Pin=J6-3
Added Pin To Net: NetName=AGND2 Pin=J7-3
Added Net: Name=AGND2
Added Room: Name=LED
Added Room: Name=LM
Added Room: Name=MC
Added Room: Name=POW
Added Room: Name=RM
Added Room: Name=Robot
Added Room: Name=SE
