2024-10-01 07:22:53,530 [INFO] Activator:176 - 


2024-10-01 07:22:53,537 [INFO] Activator:177 - !SESSION log4j initialized
2024-10-01 07:23:15,638 [INFO] LogOutputStream:77 - [STDOUT_REDIRECT] 
2024-10-01 07:23:16,978 [ERROR] ConfigurationRetriever:142 - IOException on connection: sw-center.st.com
2024-10-01 07:23:16,979 [ERROR] ConfigurationRetriever:142 - IOException on connection: sw-center.st.com
2024-10-01 07:23:16,979 [ERROR] ConfigurationRetriever:142 - IOException on connection: sw-center.st.com
2024-10-01 07:23:19,736 [INFO] ApplicationProperties:184 - Using Application install path: C:\ST\STM32CubeIDE_1.16.0\STM32CubeIDE\plugins\com.st.stm32cube.common.mx_6.12.0.202406281431
2024-10-01 07:23:19,768 [INFO] DbMcusXml:78 - Set database path to: C:\ST\STM32CubeIDE_1.16.0\STM32CubeIDE\plugins\com.st.stm32cube.common.mx_6.12.0.202406281431\\db\/mcu/
2024-10-01 07:23:19,768 [INFO] ApiDb:274 - Set plugin database path to: C:\ST\STM32CubeIDE_1.16.0\STM32CubeIDE\plugins\com.st.stm32cube.common.mx_6.12.0.202406281431\\db\/plugins/boardmanager/
2024-10-01 07:23:19,768 [WARN] ApiDb:259 - Overriding images path with different value:  => C:\ST\STM32CubeIDE_1.16.0\STM32CubeIDE\plugins\com.st.stm32cube.common.mx_6.12.0.202406281431\\db\/plugins/mcufinder/images/
2024-10-01 07:23:19,783 [INFO] ApiDb:250 - Set database path to: C:\Users\nidul\.stmcufinder\plugins\mcufinder//mcu/
2024-10-01 07:23:19,783 [INFO] DbMcusAds:125 - Set database path to: C:\Users\nidul\.stmcufinder\plugins\mcufinder//mcu/
2024-10-01 07:23:19,799 [INFO] CrossReferenceDbSqlite:203 - Set database path to: C:\Users\nidul\.stmcufinder\plugins\mcufinder//mcu/cs/
2024-10-01 07:23:19,974 [INFO] RulesReader:64 - Compatibility file has been processed (297 Rules)
2024-10-01 07:23:20,151 [INFO] DbMcusXml:78 - Set database path to: C:\ST\STM32CubeIDE_1.16.0\STM32CubeIDE\plugins\com.st.stm32cube.common.mx_6.12.0.202406281431\\db\/mcu/
2024-10-01 07:23:20,152 [INFO] ApiDb:274 - Set plugin database path to: C:\ST\STM32CubeIDE_1.16.0\STM32CubeIDE\plugins\com.st.stm32cube.common.mx_6.12.0.202406281431\\db\/plugins/boardmanager/
2024-10-01 07:23:20,152 [INFO] ApiDb:261 - Set plugin images path to: C:\ST\STM32CubeIDE_1.16.0\STM32CubeIDE\plugins\com.st.stm32cube.common.mx_6.12.0.202406281431\\db\/plugins/mcufinder/images/
2024-10-01 07:23:20,152 [WARN] DbFile:41 - Overriding database path with different value: C:\Users\nidul\.stmcufinder\plugins\mcufinder/ => C:\Users\nidul\.stmcufinder\plugins\mcufinder
2024-10-01 07:23:20,152 [INFO] ApiDb:250 - Set database path to: C:\Users\nidul\.stmcufinder\plugins\mcufinder//mcu/
2024-10-01 07:23:20,152 [WARN] DbFile:41 - Overriding database path with different value: C:\Users\nidul\.stmcufinder\plugins\mcufinder/ => C:\Users\nidul\.stmcufinder\plugins\mcufinder
2024-10-01 07:23:20,152 [INFO] DbMcusAds:125 - Set database path to: C:\Users\nidul\.stmcufinder\plugins\mcufinder//mcu/
2024-10-01 07:23:20,153 [WARN] DbFile:41 - Overriding database path with different value: C:\Users\nidul\.stmcufinder\plugins\mcufinder/ => C:\Users\nidul\.stmcufinder\plugins\mcufinder
2024-10-01 07:23:20,153 [WARN] DbFile:41 - Overriding database path with different value: C:\Users\nidul\.stmcufinder\plugins\mcufinder/ => C:\Users\nidul\.stmcufinder\plugins\mcufinder
2024-10-01 07:23:20,153 [INFO] CrossReferenceDbSqlite:203 - Set database path to: C:\Users\nidul\.stmcufinder\plugins\mcufinder//mcu/cs/
2024-10-01 07:23:20,351 [INFO] MainPanel:268 - HeapMemory: 268435456
2024-10-01 07:23:20,607 [INFO] DbMcusXml:78 - Set database path to: C:\ST\STM32CubeIDE_1.16.0\STM32CubeIDE\plugins\com.st.stm32cube.common.mx_6.12.0.202406281431\\db\/mcu/
2024-10-01 07:23:20,607 [INFO] ApiDb:274 - Set plugin database path to: C:\ST\STM32CubeIDE_1.16.0\STM32CubeIDE\plugins\com.st.stm32cube.common.mx_6.12.0.202406281431\\db\/plugins/boardmanager/
2024-10-01 07:23:20,608 [INFO] ApiDb:261 - Set plugin images path to: C:\ST\STM32CubeIDE_1.16.0\STM32CubeIDE\plugins\com.st.stm32cube.common.mx_6.12.0.202406281431\\db\/plugins/mcufinder/images/
2024-10-01 07:23:20,609 [WARN] DbFile:41 - Overriding database path with different value: C:\Users\nidul\.stmcufinder\plugins\mcufinder/ => C:\Users\nidul\.stmcufinder\plugins\mcufinder
2024-10-01 07:23:20,610 [INFO] ApiDb:250 - Set database path to: C:\Users\nidul\.stmcufinder\plugins\mcufinder//mcu/
2024-10-01 07:23:20,610 [WARN] DbFile:41 - Overriding database path with different value: C:\Users\nidul\.stmcufinder\plugins\mcufinder/ => C:\Users\nidul\.stmcufinder\plugins\mcufinder
2024-10-01 07:23:20,610 [INFO] DbMcusAds:125 - Set database path to: C:\Users\nidul\.stmcufinder\plugins\mcufinder//mcu/
2024-10-01 07:23:20,610 [WARN] DbFile:41 - Overriding database path with different value: C:\Users\nidul\.stmcufinder\plugins\mcufinder/ => C:\Users\nidul\.stmcufinder\plugins\mcufinder
2024-10-01 07:23:20,610 [WARN] DbFile:41 - Overriding database path with different value: C:\Users\nidul\.stmcufinder\plugins\mcufinder/ => C:\Users\nidul\.stmcufinder\plugins\mcufinder
2024-10-01 07:23:20,610 [INFO] CrossReferenceDbSqlite:203 - Set database path to: C:\Users\nidul\.stmcufinder\plugins\mcufinder//mcu/cs/
2024-10-01 07:23:20,645 [INFO] ApplicationProperties:184 - Using Application install path: C:\ST\STM32CubeIDE_1.16.0\STM32CubeIDE\plugins\com.st.stm32cube.common.mx_6.12.0.202406281431
2024-10-01 07:23:20,647 [INFO] PluginManage:196 - Search for loadable plugins [exclusion list=, ]
2024-10-01 07:23:20,649 [INFO] PluginManage:310 - Check plugin analytics
2024-10-01 07:23:21,169 [INFO] AnalyticsPlugin:253 - Accepted Software Licenses: 
2024-10-01 07:23:21,170 [INFO] AnalyticsPlugin:255 - Accepted CMSIS Pack Licenses: 
2024-10-01 07:23:21,170 [INFO] AnalyticsPlugin:257 - Accepted Firmware Licenses: FW.F4.1.28.0,FW.F4.1.27.0
2024-10-01 07:23:21,179 [INFO] PluginManage:359 - Loaded plugin analytics (category:tool,tabindex:-1)
2024-10-01 07:23:21,179 [ERROR] ConfigurationRetriever:142 - IOException on connection: sw-center.st.com
2024-10-01 07:23:21,179 [ERROR] ConfigurationRetriever:142 - IOException on connection: sw-center.st.com
2024-10-01 07:23:21,180 [ERROR] ConfigurationRetriever:142 - IOException on connection: sw-center.st.com
2024-10-01 07:23:21,181 [INFO] PluginManage:310 - Check plugin cadmodel
2024-10-01 07:23:21,198 [INFO] CADModel:105 - Init CAD model plugin
2024-10-01 07:23:21,198 [INFO] PluginManage:359 - Loaded plugin cadmodel (category:power,tabindex:5)
2024-10-01 07:23:21,199 [INFO] PluginManage:310 - Check plugin clock
2024-10-01 07:23:21,237 [INFO] PluginManage:359 - Loaded plugin clock (category:base,tabindex:2)
2024-10-01 07:23:21,238 [INFO] PluginManage:310 - Check plugin ddr
2024-10-01 07:23:21,247 [INFO] PluginManage:359 - Loaded plugin ddr (category:tool,tabindex:6)
2024-10-01 07:23:21,248 [INFO] PluginManage:310 - Check plugin filemanager
2024-10-01 07:23:21,744 [INFO] PluginManage:359 - Loaded plugin filemanager (category:base,tabindex:10)
2024-10-01 07:23:21,745 [INFO] PluginManage:310 - Check plugin ipmanager
2024-10-01 07:23:21,759 [INFO] PluginManage:359 - Loaded plugin ipmanager (category:base,tabindex:5)
2024-10-01 07:23:21,759 [INFO] PluginManage:310 - Check plugin lpbam
2024-10-01 07:23:21,775 [INFO] PluginManage:359 - Loaded plugin lpbam (category:base,tabindex:0)
2024-10-01 07:23:21,775 [INFO] PluginManage:310 - Check plugin memorymap
2024-10-01 07:23:21,800 [INFO] PluginManage:359 - Loaded plugin memorymap (category:base,tabindex:4)
2024-10-01 07:23:21,801 [INFO] PluginManage:310 - Check plugin pinoutandconfiguration
2024-10-01 07:23:21,820 [INFO] PluginManage:359 - Loaded plugin pinoutandconfiguration (category:base,tabindex:1)
2024-10-01 07:23:21,821 [INFO] PluginManage:310 - Check plugin pinoutconfig
2024-10-01 07:23:21,988 [WARN] SupportedApi:132 - Cannot load RTOS API schema: s4s-elt-must-match.1: The content of 'definitions' must match (annotation?, (simpleType | complexType)?, (unique | key | keyref)*)). A problem was found starting at: attribute.
2024-10-01 07:23:22,214 [INFO] PluginManage:359 - Loaded plugin pinoutconfig (category:base,tabindex:0)
2024-10-01 07:23:22,214 [INFO] PluginManage:310 - Check plugin power
2024-10-01 07:23:22,227 [INFO] PluginManage:359 - Loaded plugin power (category:power,tabindex:4)
2024-10-01 07:23:22,227 [INFO] PluginManage:310 - Check plugin projectmanager
2024-10-01 07:23:22,254 [INFO] PluginManage:359 - Loaded plugin projectmanager (category:projectmanager,tabindex:4)
2024-10-01 07:23:22,254 [INFO] PluginManage:310 - Check plugin rif
2024-10-01 07:23:22,265 [INFO] PluginManage:359 - Loaded plugin rif (category:base,tabindex:3)
2024-10-01 07:23:22,266 [INFO] PluginManage:310 - Check plugin thirdparty
2024-10-01 07:23:22,503 [WARN] IntegrityCheckThread:84 - waiting for thirdparty lock release [integrity check]
2024-10-01 07:23:22,503 [INFO] IntegrityCheckThread:86 - entering critical section [integrity check]
2024-10-01 07:23:22,504 [INFO] PluginManage:359 - Loaded plugin thirdparty (category:base,tabindex:-1)
2024-10-01 07:23:22,505 [INFO] PluginManage:310 - Check plugin tools
2024-10-01 07:23:22,506 [INFO] ThirdPartyUpdaterWithRetryManager:70 - Updater plugin not ready yet. [1/15]
2024-10-01 07:23:22,510 [INFO] PluginManage:359 - Loaded plugin tools (category:base,tabindex:7)
2024-10-01 07:23:22,510 [INFO] PluginManage:310 - Check plugin tutovideos
2024-10-01 07:23:22,828 [INFO] PluginManage:359 - Loaded plugin tutovideos (category:base,tabindex:-1)
2024-10-01 07:23:22,828 [INFO] PluginManage:310 - Check plugin updater
2024-10-01 07:23:22,855 [INFO] PluginManage:359 - Loaded plugin updater (category:base,tabindex:12)
2024-10-01 07:23:22,856 [INFO] PluginManage:310 - Check plugin userauth
2024-10-01 07:23:22,865 [INFO] UserAuth:113 - Init User Auth plugin
2024-10-01 07:23:22,865 [INFO] PluginManage:359 - Loaded plugin userauth (category:base,tabindex:14)
2024-10-01 07:23:22,866 [INFO] PluginManage:283 - PluginManage : Loaded plugins [18]
2024-10-01 07:23:23,231 [INFO] PinOutPanel:1561 - setPackage(No Configuration,No Configuration)
2024-10-01 07:23:23,381 [INFO] CADModel:165 - CPN selected for project level
2024-10-01 07:23:23,381 [INFO] CADModel:114 - Register for checkConnection events
2024-10-01 07:23:23,415 [INFO] IPUIPlugin:80 - create IPUIPlugin
2024-10-01 07:23:23,415 [INFO] PluginManager:220 - loadIPPluginJar : add adc
2024-10-01 07:23:23,421 [INFO] IPUIPlugin:80 - create IPUIPlugin
2024-10-01 07:23:23,421 [INFO] PluginManager:220 - loadIPPluginJar : add aes
2024-10-01 07:23:23,425 [INFO] IPUIPlugin:80 - create IPUIPlugin
2024-10-01 07:23:23,426 [INFO] PluginManager:220 - loadIPPluginJar : add can
2024-10-01 07:23:23,430 [INFO] IPUIPlugin:80 - create IPUIPlugin
2024-10-01 07:23:23,430 [INFO] PluginManager:220 - loadIPPluginJar : add comp
2024-10-01 07:23:23,434 [INFO] IPUIPlugin:80 - create IPUIPlugin
2024-10-01 07:23:23,434 [INFO] PluginManager:220 - loadIPPluginJar : add cryp
2024-10-01 07:23:23,439 [INFO] IPUIPlugin:80 - create IPUIPlugin
2024-10-01 07:23:23,439 [INFO] PluginManager:220 - loadIPPluginJar : add ddr_ctrl_phy
2024-10-01 07:23:23,442 [INFO] IPUIPlugin:80 - create IPUIPlugin
2024-10-01 07:23:23,442 [INFO] PluginManager:220 - loadIPPluginJar : add dfsdm
2024-10-01 07:23:23,451 [INFO] IPUIPlugin:80 - create IPUIPlugin
2024-10-01 07:23:23,452 [INFO] PluginManager:220 - loadIPPluginJar : add dma
2024-10-01 07:23:23,456 [INFO] IPUIPlugin:80 - create IPUIPlugin
2024-10-01 07:23:23,456 [INFO] PluginManager:220 - loadIPPluginJar : add dma3
2024-10-01 07:23:23,462 [INFO] IPUIPlugin:80 - create IPUIPlugin
2024-10-01 07:23:23,462 [INFO] PluginManager:220 - loadIPPluginJar : add extmemmanager
2024-10-01 07:23:23,468 [INFO] IPUIPlugin:80 - create IPUIPlugin
2024-10-01 07:23:23,469 [INFO] PluginManager:220 - loadIPPluginJar : add fatfs
2024-10-01 07:23:23,475 [INFO] IPUIPlugin:80 - create IPUIPlugin
2024-10-01 07:23:23,475 [INFO] PluginManager:220 - loadIPPluginJar : add fmc
2024-10-01 07:23:23,486 [INFO] IPUIPlugin:80 - create IPUIPlugin
2024-10-01 07:23:23,487 [INFO] PluginManager:220 - loadIPPluginJar : add freertos
2024-10-01 07:23:23,489 [INFO] IPUIPlugin:80 - create IPUIPlugin
2024-10-01 07:23:23,489 [INFO] PluginManager:220 - loadIPPluginJar : add genericplugin
2024-10-01 07:23:23,493 [INFO] IPUIPlugin:80 - create IPUIPlugin
2024-10-01 07:23:23,494 [INFO] PluginManager:220 - loadIPPluginJar : add gfxmmu
2024-10-01 07:23:23,502 [INFO] IPUIPlugin:80 - create IPUIPlugin
2024-10-01 07:23:23,502 [INFO] PluginManager:220 - loadIPPluginJar : add gic
2024-10-01 07:23:23,509 [INFO] IPUIPlugin:80 - create IPUIPlugin
2024-10-01 07:23:23,509 [INFO] PluginManager:220 - loadIPPluginJar : add gpio
2024-10-01 07:23:23,515 [INFO] IPUIPlugin:80 - create IPUIPlugin
2024-10-01 07:23:23,515 [INFO] PluginManager:220 - loadIPPluginJar : add gtzc
2024-10-01 07:23:23,518 [INFO] IPUIPlugin:80 - create IPUIPlugin
2024-10-01 07:23:23,519 [INFO] PluginManager:220 - loadIPPluginJar : add hash
2024-10-01 07:23:23,523 [INFO] IPUIPlugin:80 - create IPUIPlugin
2024-10-01 07:23:23,524 [INFO] PluginManager:220 - loadIPPluginJar : add i2c
2024-10-01 07:23:23,529 [INFO] IPUIPlugin:80 - create IPUIPlugin
2024-10-01 07:23:23,530 [INFO] PluginManager:220 - loadIPPluginJar : add i2s
2024-10-01 07:23:23,536 [INFO] IPUIPlugin:80 - create IPUIPlugin
2024-10-01 07:23:23,537 [INFO] PluginManager:220 - loadIPPluginJar : add i3c
2024-10-01 07:23:23,542 [INFO] IPUIPlugin:80 - create IPUIPlugin
2024-10-01 07:23:23,542 [INFO] PluginManager:220 - loadIPPluginJar : add ipddr
2024-10-01 07:23:23,563 [INFO] IPUIPlugin:80 - create IPUIPlugin
2024-10-01 07:23:23,563 [INFO] PluginManager:220 - loadIPPluginJar : add linkedlist
2024-10-01 07:23:23,570 [INFO] IPUIPlugin:80 - create IPUIPlugin
2024-10-01 07:23:23,570 [INFO] PluginManager:220 - loadIPPluginJar : add lorawan
2024-10-01 07:23:23,573 [INFO] IPUIPlugin:80 - create IPUIPlugin
2024-10-01 07:23:23,573 [INFO] PluginManager:220 - loadIPPluginJar : add ltdc
2024-10-01 07:23:23,582 [INFO] IPUIPlugin:80 - create IPUIPlugin
2024-10-01 07:23:23,583 [INFO] PluginManager:220 - loadIPPluginJar : add mdma
2024-10-01 07:23:23,589 [INFO] IPUIPlugin:80 - create IPUIPlugin
2024-10-01 07:23:23,589 [INFO] PluginManager:220 - loadIPPluginJar : add nvic
2024-10-01 07:23:23,593 [INFO] IPUIPlugin:80 - create IPUIPlugin
2024-10-01 07:23:23,593 [INFO] PluginManager:220 - loadIPPluginJar : add opamp
2024-10-01 07:23:23,600 [INFO] IPUIPlugin:80 - create IPUIPlugin
2024-10-01 07:23:23,600 [INFO] PluginManager:220 - loadIPPluginJar : add openamp
2024-10-01 07:23:23,606 [INFO] IPUIPlugin:80 - create IPUIPlugin
2024-10-01 07:23:23,606 [INFO] PluginManager:220 - loadIPPluginJar : add pdm2pcm
2024-10-01 07:23:23,618 [INFO] IPUIPlugin:80 - create IPUIPlugin
2024-10-01 07:23:23,621 [INFO] PluginManager:220 - loadIPPluginJar : add plateformsettings
2024-10-01 07:23:23,623 [INFO] IPUIPlugin:80 - create IPUIPlugin
2024-10-01 07:23:23,624 [INFO] PluginManager:220 - loadIPPluginJar : add quadspi
2024-10-01 07:23:23,626 [INFO] IPUIPlugin:80 - create IPUIPlugin
2024-10-01 07:23:23,627 [INFO] PluginManager:220 - loadIPPluginJar : add radio
2024-10-01 07:23:23,635 [INFO] IPUIPlugin:80 - create IPUIPlugin
2024-10-01 07:23:23,636 [INFO] PluginManager:220 - loadIPPluginJar : add resmgrutility
2024-10-01 07:23:23,640 [INFO] IPUIPlugin:80 - create IPUIPlugin
2024-10-01 07:23:23,641 [INFO] PluginManager:220 - loadIPPluginJar : add sai
2024-10-01 07:23:23,645 [INFO] IPUIPlugin:80 - create IPUIPlugin
2024-10-01 07:23:23,645 [INFO] PluginManager:220 - loadIPPluginJar : add spi
2024-10-01 07:23:23,652 [INFO] IPUIPlugin:80 - create IPUIPlugin
2024-10-01 07:23:23,652 [INFO] PluginManager:220 - loadIPPluginJar : add stm32_wpan
2024-10-01 07:23:23,655 [INFO] IPUIPlugin:80 - create IPUIPlugin
2024-10-01 07:23:23,656 [INFO] PluginManager:220 - loadIPPluginJar : add tim
2024-10-01 07:23:23,661 [INFO] IPUIPlugin:80 - create IPUIPlugin
2024-10-01 07:23:23,661 [INFO] PluginManager:220 - loadIPPluginJar : add touchsensing
2024-10-01 07:23:23,665 [INFO] IPUIPlugin:80 - create IPUIPlugin
2024-10-01 07:23:23,666 [INFO] PluginManager:220 - loadIPPluginJar : add tracer_emb
2024-10-01 07:23:23,669 [INFO] IPUIPlugin:80 - create IPUIPlugin
2024-10-01 07:23:23,669 [INFO] PluginManager:220 - loadIPPluginJar : add ts
2024-10-01 07:23:23,671 [INFO] IPUIPlugin:80 - create IPUIPlugin
2024-10-01 07:23:23,672 [INFO] PluginManager:220 - loadIPPluginJar : add tsc
2024-10-01 07:23:23,674 [INFO] IPUIPlugin:80 - create IPUIPlugin
2024-10-01 07:23:23,674 [INFO] PluginManager:220 - loadIPPluginJar : add ucpd
2024-10-01 07:23:23,679 [INFO] IPUIPlugin:80 - create IPUIPlugin
2024-10-01 07:23:23,679 [INFO] PluginManager:220 - loadIPPluginJar : add usart
2024-10-01 07:23:23,685 [INFO] IPUIPlugin:80 - create IPUIPlugin
2024-10-01 07:23:23,685 [INFO] PluginManager:220 - loadIPPluginJar : add usbx
2024-10-01 07:23:23,855 [INFO] CADModel:165 - CPN selected for project level
2024-10-01 07:23:23,855 [INFO] CADModel:114 - Register for checkConnection events
2024-10-01 07:23:23,855 [FATAL] Updater:334 - Updater called before beeing initialized
2024-10-01 07:23:23,855 [ERROR] CADModel:125 - Updater not yet initialized, retry later 
2024-10-01 07:23:24,954 [INFO] CADModel:165 - CPN selected for project level
2024-10-01 07:23:24,955 [INFO] CADModel:114 - Register for checkConnection events
2024-10-01 07:23:24,955 [FATAL] Updater:334 - Updater called before beeing initialized
2024-10-01 07:23:24,955 [ERROR] CADModel:125 - Updater not yet initialized, retry later 
2024-10-01 07:23:24,960 [FATAL] Updater:334 - Updater called before beeing initialized
2024-10-01 07:23:25,518 [INFO] ThirdPartyUpdaterWithRetryManager:70 - Updater plugin not ready yet. [2/15]
2024-10-01 07:23:25,529 [FATAL] Updater:334 - Updater called before beeing initialized
2024-10-01 07:23:25,618 [INFO] DbMcusAds:53 - JSON generation date=Fri Sep 20 18:34:23 IST 2024 (1726837463113)
2024-10-01 07:23:25,618 [FATAL] Updater:334 - Updater called before beeing initialized
2024-10-01 07:23:25,813 [WARN] DetailPanel:346 - Failed to get advertising image, set to default
2024-10-01 07:23:25,972 [FATAL] Updater:334 - Updater called before beeing initialized
2024-10-01 07:23:25,975 [FATAL] Updater:334 - Updater called before beeing initialized
2024-10-01 07:23:25,975 [FATAL] Updater:334 - Updater called before beeing initialized
2024-10-01 07:23:25,975 [WARN] DetailPanel:346 - Failed to get advertising image, set to default
2024-10-01 07:23:25,978 [FATAL] Updater:334 - Updater called before beeing initialized
2024-10-01 07:23:26,106 [ERROR] Updater:1164 - MainUpdater not yet initialized. External WinMGr cannot be set.
2024-10-01 07:23:26,111 [INFO] Updater:1100 - Updater Version found : 6.12.0
2024-10-01 07:23:26,141 [INFO] ApplicationProperties:184 - Using Application install path: C:\ST\STM32CubeIDE_1.16.0\STM32CubeIDE\plugins\com.st.stm32cube.common.mx_6.12.0.202406281431
2024-10-01 07:23:26,728 [INFO] MainUpdater:2873 - connection check result : 22
2024-10-01 07:23:26,730 [INFO] MainUpdater:290 - Updater Check For Update Now.
2024-10-01 07:23:26,730 [INFO] MicroXplorer:498 - Change Database Version : DB.6.0.120
2024-10-01 07:23:26,780 [INFO] McuFinderGlobals:63 - Set McuFinder mode to 2 (CubeIDE integrated)
2024-10-01 07:23:26,782 [INFO] UserAuth:417 - Internet connection configuration mode: 2
2024-10-01 07:23:26,817 [INFO] UserAuth:417 - Internet connection configuration mode: 2
2024-10-01 07:23:26,992 [INFO] CheckServerUpdateThread:120 - End of CheckServer Thread
2024-10-01 07:23:28,917 [WARN] PackLoader:240 - Cannot read IP mode file for STMicroelectronics.FP-SNS-MOTENVWB1.1.4.0
2024-10-01 07:23:28,935 [WARN] PackLoader:240 - Cannot read IP mode file for STMicroelectronics.X-CUBE-SMBUS.2.1.0
2024-10-01 07:23:28,977 [WARN] PackLoader:240 - Cannot read IP mode file for STMicroelectronics.X-CUBE-AZRTOS-F7.1.1.0
2024-10-01 07:23:29,146 [WARN] PackLoader:240 - Cannot read IP mode file for STMicroelectronics.X-CUBE-MEMS1.11.0.0
2024-10-01 07:23:29,337 [WARN] PackLoader:240 - Cannot read IP mode file for STMicroelectronics.FP-SNS-FLIGHT1.5.0.2
2024-10-01 07:23:29,353 [WARN] PackLoader:240 - Cannot read IP mode file for STMicroelectronics.X-CUBE-DISPLAY.3.0.0
2024-10-01 07:23:29,369 [WARN] PackLoader:240 - Cannot read IP mode file for STMicroelectronics.X-CUBE-BLE1.7.0.0
2024-10-01 07:23:29,379 [WARN] PackLoader:240 - Cannot read IP mode file for STMicroelectronics.X-CUBE-NFC10.1.0.0
2024-10-01 07:23:29,389 [WARN] PackLoader:240 - Cannot read IP mode file for emotas.I-CUBE-CANOPEN.1.3.0
2024-10-01 07:23:29,401 [WARN] PackLoader:240 - Cannot read IP mode file for STMicroelectronics.X-CUBE-BLEMGR.3.1.0
2024-10-01 07:23:29,410 [WARN] PackLoader:240 - Cannot read IP mode file for STMicroelectronics.FP-SNS-SMARTAG2.1.2.0
2024-10-01 07:23:29,423 [INFO] LogOutputStream:77 - [STDOUT_REDIRECT] 1 : Invalid condition id : UX_CORESTACK_Condition cause : null
2024-10-01 07:23:29,426 [INFO] LogOutputStream:77 - [STDOUT_REDIRECT] 1 : Invalid condition id : UX_CORESTACK_Condition cause : null
2024-10-01 07:23:29,427 [INFO] LogOutputStream:77 - [STDOUT_REDIRECT] 1 : Invalid condition id : UX_CORESTACK_Condition cause : null
2024-10-01 07:23:29,430 [INFO] LogOutputStream:77 - [STDOUT_REDIRECT] 1 : Invalid condition id : UX_CORESTACK_Condition cause : null
2024-10-01 07:23:29,434 [INFO] LogOutputStream:77 - [STDOUT_REDIRECT] 1 : Invalid condition id : UX_CORESTACK_Condition cause : null
2024-10-01 07:23:29,437 [WARN] PackLoader:240 - Cannot read IP mode file for STMicroelectronics.X-CUBE-AZRTOS-WL.2.0.0
2024-10-01 07:23:29,444 [WARN] PackLoader:240 - Cannot read IP mode file for STMicroelectronics.FP-SNS-MOTENV1.5.0.0
2024-10-01 07:23:29,452 [WARN] PackLoader:240 - Cannot read IP mode file for wolfSSL.I-CUBE-wolfMQTT.1.19.0
2024-10-01 07:23:29,469 [WARN] PackLoader:240 - Cannot read IP mode file for WES.I-CUBE-Cesium.1.3.0
2024-10-01 07:23:29,474 [WARN] PackLoader:240 - Cannot read IP mode file for STMicroelectronics.X-CUBE-BLE2.3.3.0
2024-10-01 07:23:29,485 [WARN] PackLoader:240 - Cannot read IP mode file for STMicroelectronics.X-CUBE-NFC9.1.0.0
2024-10-01 07:23:29,497 [WARN] PackLoader:240 - Cannot read IP mode file for STMicroelectronics.X-CUBE-TCPP.4.1.0
2024-10-01 07:23:29,544 [WARN] PackLoader:240 - Cannot read IP mode file for STMicroelectronics.X-CUBE-AZRTOS-G0.1.1.0
2024-10-01 07:23:29,563 [WARN] PackLoader:240 - Cannot read IP mode file for STMicroelectronics.X-CUBE-SAFEA1.1.2.2
2024-10-01 07:23:29,573 [WARN] PackLoader:240 - Cannot read IP mode file for STMicroelectronics.X-CUBE-NFC4.3.0.0
2024-10-01 07:23:29,605 [WARN] PackLoader:240 - Cannot read IP mode file for EmbeddedOffice.I-CUBE-FS-RTOS.1.0.1
2024-10-01 07:23:29,606 [ERROR] ConditionMgr:805 - Attr not supported : Dmpu
2024-10-01 07:23:29,606 [ERROR] ConditionMgr:805 - Attr not supported : Dmpu
2024-10-01 07:23:29,606 [ERROR] ConditionMgr:805 - Attr not supported : Dmpu
2024-10-01 07:23:29,606 [ERROR] ConditionMgr:805 - Attr not supported : Dmpu
2024-10-01 07:23:29,606 [ERROR] ConditionMgr:805 - Attr not supported : Dmpu
2024-10-01 07:23:29,606 [ERROR] ConditionMgr:805 - Attr not supported : Dmpu
2024-10-01 07:23:29,606 [ERROR] ConditionMgr:805 - Attr not supported : Dmpu
2024-10-01 07:23:29,607 [ERROR] ConditionMgr:805 - Attr not supported : Dmpu
2024-10-01 07:23:29,607 [ERROR] ConditionMgr:805 - Attr not supported : Dmpu
2024-10-01 07:23:29,607 [ERROR] ConditionMgr:805 - Attr not supported : Dmpu
2024-10-01 07:23:29,607 [ERROR] ConditionMgr:805 - Attr not supported : Dmpu
2024-10-01 07:23:29,607 [ERROR] ConditionMgr:805 - Attr not supported : Dmpu
2024-10-01 07:23:29,608 [ERROR] ConditionMgr:805 - Attr not supported : Dmpu
2024-10-01 07:23:29,608 [ERROR] ConditionMgr:805 - Attr not supported : Dmpu
2024-10-01 07:23:29,608 [ERROR] ConditionMgr:805 - Attr not supported : Dmpu
2024-10-01 07:23:29,608 [ERROR] ConditionMgr:805 - Attr not supported : Dmpu
2024-10-01 07:23:29,608 [ERROR] ConditionMgr:805 - Attr not supported : Dmpu
2024-10-01 07:23:29,608 [ERROR] ConditionMgr:805 - Attr not supported : Dmpu
2024-10-01 07:23:29,609 [ERROR] ConditionMgr:805 - Attr not supported : Dmpu
2024-10-01 07:23:29,609 [ERROR] ConditionMgr:805 - Attr not supported : Dmpu
2024-10-01 07:23:29,609 [ERROR] ConditionMgr:805 - Attr not supported : Dmpu
2024-10-01 07:23:29,609 [ERROR] ConditionMgr:805 - Attr not supported : Dmpu
2024-10-01 07:23:29,610 [ERROR] ConditionMgr:805 - Attr not supported : Dmpu
2024-10-01 07:23:29,610 [ERROR] ConditionMgr:805 - Attr not supported : Dmpu
2024-10-01 07:23:29,610 [ERROR] ConditionMgr:805 - Attr not supported : Dmpu
2024-10-01 07:23:29,610 [ERROR] ConditionMgr:805 - Attr not supported : Dmpu
2024-10-01 07:23:29,610 [ERROR] ConditionMgr:805 - Attr not supported : Dmpu
2024-10-01 07:23:29,610 [ERROR] ConditionMgr:805 - Attr not supported : Dmpu
2024-10-01 07:23:29,610 [ERROR] ConditionMgr:805 - Attr not supported : Dmpu
2024-10-01 07:23:29,611 [ERROR] ConditionMgr:805 - Attr not supported : Dmpu
2024-10-01 07:23:29,611 [ERROR] ConditionMgr:805 - Attr not supported : Dmpu
2024-10-01 07:23:29,611 [ERROR] ConditionMgr:805 - Attr not supported : Dmpu
2024-10-01 07:23:29,611 [ERROR] ConditionMgr:805 - Attr not supported : Dmpu
2024-10-01 07:23:29,611 [ERROR] ConditionMgr:805 - Attr not supported : Dmpu
2024-10-01 07:23:29,612 [ERROR] ConditionMgr:805 - Attr not supported : Dmpu
2024-10-01 07:23:29,612 [ERROR] ConditionMgr:805 - Attr not supported : Dmpu
2024-10-01 07:23:29,612 [ERROR] ConditionMgr:805 - Attr not supported : Dmpu
2024-10-01 07:23:29,612 [ERROR] ConditionMgr:805 - Attr not supported : Dmpu
2024-10-01 07:23:29,612 [ERROR] ConditionMgr:805 - Attr not supported : Dmpu
2024-10-01 07:23:29,613 [ERROR] ConditionMgr:805 - Attr not supported : Dmpu
2024-10-01 07:23:29,613 [ERROR] ConditionMgr:805 - Attr not supported : Dmpu
2024-10-01 07:23:29,613 [ERROR] ConditionMgr:805 - Attr not supported : Dmpu
2024-10-01 07:23:29,613 [ERROR] ConditionMgr:805 - Attr not supported : Dmpu
2024-10-01 07:23:29,613 [ERROR] ConditionMgr:805 - Attr not supported : Dmpu
2024-10-01 07:23:29,613 [ERROR] ConditionMgr:805 - Attr not supported : Dmpu
2024-10-01 07:23:29,613 [ERROR] ConditionMgr:805 - Attr not supported : Dmpu
2024-10-01 07:23:29,614 [ERROR] ConditionMgr:805 - Attr not supported : Dmpu
2024-10-01 07:23:29,614 [ERROR] ConditionMgr:805 - Attr not supported : Dmpu
2024-10-01 07:23:29,614 [ERROR] ConditionMgr:805 - Attr not supported : Dmpu
2024-10-01 07:23:29,614 [ERROR] ConditionMgr:805 - Attr not supported : Dmpu
2024-10-01 07:23:29,614 [ERROR] ConditionMgr:805 - Attr not supported : Dmpu
2024-10-01 07:23:29,614 [ERROR] ConditionMgr:805 - Attr not supported : Dmpu
2024-10-01 07:23:29,614 [ERROR] ConditionMgr:805 - Attr not supported : Dmpu
2024-10-01 07:23:29,614 [ERROR] ConditionMgr:805 - Attr not supported : Dmpu
2024-10-01 07:23:29,615 [ERROR] ConditionMgr:805 - Attr not supported : Dmpu
2024-10-01 07:23:29,615 [ERROR] ConditionMgr:805 - Attr not supported : Dmpu
2024-10-01 07:23:29,615 [ERROR] ConditionMgr:805 - Attr not supported : Dmpu
2024-10-01 07:23:29,615 [ERROR] ConditionMgr:805 - Attr not supported : Dmpu
2024-10-01 07:23:29,615 [ERROR] ConditionMgr:805 - Attr not supported : Dmpu
2024-10-01 07:23:29,615 [ERROR] ConditionMgr:805 - Attr not supported : Dmpu
2024-10-01 07:23:29,615 [ERROR] ConditionMgr:805 - Attr not supported : Dmpu
2024-10-01 07:23:29,615 [ERROR] ConditionMgr:805 - Attr not supported : Dmpu
2024-10-01 07:23:29,615 [ERROR] ConditionMgr:805 - Attr not supported : Dmpu
2024-10-01 07:23:29,616 [ERROR] ConditionMgr:805 - Attr not supported : Dmpu
2024-10-01 07:23:29,624 [WARN] PackLoader:240 - Cannot read IP mode file for RealThread.X-CUBE-RT-Thread_Nano.4.1.1
2024-10-01 07:23:29,632 [WARN] PackLoader:240 - Cannot read IP mode file for STMicroelectronics.FP-ATR-SIGFOX1.3.2.0
2024-10-01 07:23:29,639 [WARN] PackLoader:240 - Cannot read IP mode file for wolfSSL.I-CUBE-wolfSSL.5.7.2
2024-10-01 07:23:29,650 [WARN] PackLoader:240 - Cannot read IP mode file for STMicroelectronics.X-CUBE-EEPRMA1.5.1.0
2024-10-01 07:23:29,663 [WARN] PackLoader:240 - Cannot read IP mode file for ITTIA_DB.I-CUBE-ITTIADB.8.9.0
2024-10-01 07:23:29,720 [WARN] PackLoader:240 - Cannot read IP mode file for SEGGER.I-CUBE-embOS.1.3.1
2024-10-01 07:23:29,798 [WARN] PackLoader:240 - Cannot read IP mode file for STMicroelectronics.X-CUBE-ALGOBUILD.1.4.0
2024-10-01 07:23:29,818 [WARN] PackLoader:240 - Cannot read IP mode file for STMicroelectronics.X-CUBE-AZRTOS-F4.1.1.0
2024-10-01 07:23:29,832 [WARN] PackLoader:240 - Cannot read IP mode file for STMicroelectronics.X-CUBE-ISPU.2.1.0
2024-10-01 07:23:29,840 [WARN] PackLoader:240 - Cannot read IP mode file for STMicroelectronics.X-CUBE-FREERTOS.1.2.0
2024-10-01 07:23:29,876 [WARN] PackLoader:240 - Cannot read IP mode file for STMicroelectronics.X-CUBE-AZRTOS-L5.2.0.0
2024-10-01 07:23:29,898 [WARN] PackLoader:240 - Cannot read IP mode file for STMicroelectronics.X-CUBE-NFC6.3.1.0
2024-10-01 07:23:29,910 [WARN] PackLoader:240 - Cannot read IP mode file for STMicroelectronics.X-CUBE-DPower.1.2.0
2024-10-01 07:23:29,918 [WARN] PackLoader:240 - Cannot read IP mode file for STMicroelectronics.X-CUBE-AI.9.0.0
2024-10-01 07:23:29,932 [WARN] PackLoader:240 - Cannot read IP mode file for STMicroelectronics.X-CUBE-NFC7.1.0.1
2024-10-01 07:23:29,959 [WARN] ConditionMgr:438 - getConditionDescription Invalid condition id : LAN8742 Phy interface Condition cause : null
2024-10-01 07:23:29,960 [WARN] PackLoader:240 - Cannot read IP mode file for STMicroelectronics.X-CUBE-AZRTOS-L4.2.0.0
2024-10-01 07:23:29,962 [WARN] ConditionMgr:1039 - genDependencies : Invalid condition id : LAN8742 Phy interface Condition cause : null
2024-10-01 07:23:29,963 [WARN] ConditionMgr:1039 - genDependencies : Invalid condition id : LAN8742 Phy interface Condition cause : null
2024-10-01 07:23:29,963 [WARN] ConditionMgr:1039 - genDependencies : Invalid condition id : LAN8742 Phy interface Condition cause : null
2024-10-01 07:23:29,976 [WARN] PackLoader:240 - Cannot read IP mode file for STMicroelectronics.X-CUBE-SFXS2LP1.4.0.0
2024-10-01 07:23:30,006 [WARN] PackLoader:240 - Cannot read IP mode file for STMicroelectronics.X-CUBE-AZRTOS-H7.3.3.0
2024-10-01 07:23:30,031 [WARN] ConditionMgr:438 - getConditionDescription Invalid condition id : UX DEVICE CLASS RTOS Condition cause : null
2024-10-01 07:23:30,031 [WARN] ConditionMgr:438 - getConditionDescription Invalid condition id : UX DEVICE CLASS RTOS Condition cause : null
2024-10-01 07:23:30,034 [WARN] PackLoader:240 - Cannot read IP mode file for STMicroelectronics.X-CUBE-AZRTOS-WB.2.0.0
2024-10-01 07:23:30,034 [WARN] ConditionMgr:1039 - genDependencies : Invalid condition id : UX DEVICE CLASS RTOS Condition cause : null
2024-10-01 07:23:30,035 [WARN] ConditionMgr:1039 - genDependencies : Invalid condition id : UX DEVICE CLASS RTOS Condition cause : null
2024-10-01 07:23:30,035 [WARN] ConditionMgr:1039 - genDependencies : Invalid condition id : UX DEVICE CLASS RTOS Condition cause : null
2024-10-01 07:23:30,035 [WARN] ConditionMgr:1039 - genDependencies : Invalid condition id : UX DEVICE CLASS RTOS Condition cause : null
2024-10-01 07:23:30,035 [WARN] ConditionMgr:1039 - genDependencies : Invalid condition id : UX DEVICE CLASS RTOS Condition cause : null
2024-10-01 07:23:30,045 [WARN] PackLoader:240 - Cannot read IP mode file for STMicroelectronics.X-CUBE-GNSS1.7.0.0
2024-10-01 07:23:30,056 [WARN] PackLoader:240 - Cannot read IP mode file for STMicroelectronics.FP-SNS-STBOX1.2.0.0
2024-10-01 07:23:30,076 [WARN] PackLoader:240 - Cannot read IP mode file for STMicroelectronics.X-CUBE-SUBG2.5.0.0
2024-10-01 07:23:30,093 [WARN] PackLoader:240 - Cannot read IP mode file for Cesanta.I-CUBE-Mongoose.7.13.0
2024-10-01 07:23:30,114 [WARN] PackLoader:240 - Cannot read IP mode file for STMicroelectronics.X-CUBE-AZRTOS-G4.2.0.0
2024-10-01 07:23:30,122 [WARN] PackLoader:240 - Cannot read IP mode file for STMicroelectronics.X-CUBE-ISPU.2.0.0
2024-10-01 07:23:30,131 [WARN] PackLoader:240 - Cannot read IP mode file for STMicroelectronics.X-CUBE-ALS.1.0.2
2024-10-01 07:23:30,141 [WARN] PackLoader:240 - Cannot read IP mode file for STMicroelectronics.X-CUBE-TOUCHGFX.4.24.0
2024-10-01 07:23:30,147 [WARN] PackLoader:240 - Cannot read IP mode file for STMicroelectronics.X-CUBE-TOUCHGFX.4.24.1
2024-10-01 07:23:30,152 [WARN] PackLoader:240 - Cannot read IP mode file for wolfSSL.I-CUBE-wolfTPM.3.4.0
2024-10-01 07:23:30,160 [WARN] PackLoader:240 - Cannot read IP mode file for portGmbH.I-Cube-SoM-uGOAL.1.1.0
2024-10-01 07:23:30,181 [WARN] PackLoader:240 - Cannot read IP mode file for STMicroelectronics.X-CUBE-AZRTOS-H7RS.1.0.0
2024-10-01 07:23:30,190 [WARN] PackLoader:240 - Cannot read IP mode file for STMicroelectronics.FP-ATR-ASTRA1.2.0.0
2024-10-01 07:23:30,204 [WARN] PackLoader:240 - Cannot read IP mode file for STMicroelectronics.X-CUBE-TOF1.3.4.2
2024-10-01 07:23:30,246 [WARN] PackLoader:240 - Cannot read IP mode file for Infineon.AIROC-Wi-Fi-Bluetooth-STM32.1.6.1
2024-10-01 07:23:30,257 [WARN] PackLoader:240 - Cannot read IP mode file for wolfSSL.I-CUBE-wolfSSH.1.4.17
2024-10-01 07:23:30,258 [INFO] ThirdParty:978 - Integrity check success = true
2024-10-01 07:23:30,259 [INFO] IntegrityCheckThread:100 - exiting critical section [integrity check]
2024-10-01 07:23:30,259 [INFO] IntegrityCheckThread:103 - End integrity checks thread
2024-10-01 07:25:21,074 [ERROR] ConfigurationRetriever:142 - IOException on connection: sw-center.st.com
2024-10-01 07:25:21,075 [ERROR] ConfigurationRetriever:142 - IOException on connection: sw-center.st.com
2024-10-01 07:25:21,076 [ERROR] ConfigurationRetriever:142 - IOException on connection: sw-center.st.com
2024-10-01 07:25:32,285 [ERROR] ConfigurationRetriever:142 - IOException on connection: sw-center.st.com
2024-10-01 07:25:32,285 [ERROR] ConfigurationRetriever:142 - IOException on connection: sw-center.st.com
2024-10-01 07:25:32,285 [ERROR] ConfigurationRetriever:142 - IOException on connection: sw-center.st.com
2024-10-01 07:33:31,306 [ERROR] ConfigurationRetriever:142 - IOException on connection: sw-center.st.com
2024-10-01 07:33:31,308 [ERROR] ConfigurationRetriever:142 - IOException on connection: sw-center.st.com
2024-10-01 07:33:31,309 [ERROR] ConfigurationRetriever:142 - IOException on connection: sw-center.st.com
